<?xml version="1.0" encoding="UTF-8"?>
<!-- Generated by org.testng.reporters.JUnitReportReporter -->
<testsuite hostname="B1403F2D" name="com.mmt.login.NewTest" tests="1" failures="0" timestamp="4 Mar 2016 14:18:40 GMT" time="2.111" errors="0">
  <testcase name="test" time="2.111" classname="com.mmt.login.NewTest"/>
</testsuite> <!-- com.mmt.login.NewTest -->
