<?xml version="1.0" encoding="UTF-8"?>
<!-- Generated by org.testng.reporters.JUnitReportReporter -->
<testsuite hostname="B1403F2D" name="com.mmt.login.Login" tests="1" failures="0" timestamp="4 Mar 2016 14:31:32 GMT" time="3.725" errors="0">
  <testcase name="test" time="3.725" classname="com.mmt.login.Login"/>
</testsuite> <!-- com.mmt.login.Login -->
