<?xml version="1.0" encoding="UTF-8"?>
<!-- Generated by org.testng.reporters.JUnitReportReporter -->
<testsuite hostname="B1403F2D" name="com.mmt.login.LoginTest" tests="1" failures="0" timestamp="4 Mar 2016 14:16:14 GMT" time="0.011" errors="0">
  <testcase name="test" time="0.011" classname="com.mmt.login.LoginTest"/>
</testsuite> <!-- com.mmt.login.LoginTest -->
