<?xml version="1.0" encoding="UTF-8"?>
<!-- Generated by org.testng.reporters.JUnitReportReporter -->
<testsuite hostname="B1403F2D" name="com.mmt.login.LoginTest" tests="1" failures="0" timestamp="4 Mar 2016 15:00:41 GMT" time="3.722" errors="0">
  <testcase name="test" time="3.722" classname="com.mmt.login.LoginTest"/>
</testsuite> <!-- com.mmt.login.LoginTest -->
